  HEADER.CPP
c:\unn\mp1-practice\solovev_ay\practice\practice7\header.cpp(33): warning C4244: +=: преобразование "double" в "int", возможна потеря данных
c:\unn\mp1-practice\solovev_ay\practice\practice7\header.cpp(100): warning C4101: _size: неиспользованная локальная переменная
c:\unn\mp1-practice\solovev_ay\practice\practice7\header.cpp(219): warning C4244: +=: преобразование "double" в "int", возможна потеря данных
c:\unn\mp1-practice\solovev_ay\practice\practice7\header.cpp(220): warning C4244: +=: преобразование "double" в "int", возможна потеря данных
c:\unn\mp1-practice\solovev_ay\practice\practice7\header.cpp(222): warning C4244: =: преобразование "double" в "int", возможна потеря данных
c:\unn\mp1-practice\solovev_ay\practice\practice7\header.cpp(223): warning C4244: =: преобразование "double" в "int", возможна потеря данных
c:\unn\mp1-practice\solovev_ay\practice\practice7\header.cpp(211): warning C4101: a: неиспользованная локальная переменная
c:\unn\mp1-practice\solovev_ay\practice\practice7\header.cpp(235): warning C4244: +=: преобразование "double" в "int", возможна потеря данных
c:\unn\mp1-practice\solovev_ay\practice\practice7\header.cpp(237): warning C4244: =: преобразование "double" в "int", возможна потеря данных
c:\unn\mp1-practice\solovev_ay\practice\practice7\header.cpp(258): warning C4244: +=: преобразование "double" в "int", возможна потеря данных
c:\unn\mp1-practice\solovev_ay\practice\practice7\header.cpp(259): warning C4244: +=: преобразование "double" в "int", возможна потеря данных
c:\unn\mp1-practice\solovev_ay\practice\practice7\header.cpp(261): warning C4244: =: преобразование "double" в "int", возможна потеря данных
c:\unn\mp1-practice\solovev_ay\practice\practice7\header.cpp(262): warning C4244: =: преобразование "double" в "int", возможна потеря данных
c:\unn\mp1-practice\solovev_ay\practice\practice7\header.cpp(274): warning C4244: +=: преобразование "double" в "int", возможна потеря данных
c:\unn\mp1-practice\solovev_ay\practice\practice7\header.cpp(276): warning C4244: =: преобразование "double" в "int", возможна потеря данных
c:\unn\mp1-practice\solovev_ay\practice\practice7\header.cpp(294): warning C4244: +=: преобразование "double" в "int", возможна потеря данных
c:\unn\mp1-practice\solovev_ay\practice\practice7\header.cpp(291): warning C4101: konec: неиспользованная локальная переменная
c:\unn\mp1-practice\solovev_ay\practice\practice7\header.cpp(318): warning C4244: +=: преобразование "double" в "int", возможна потеря данных
c:\unn\mp1-practice\solovev_ay\practice\practice7\header.cpp(319): warning C4244: +=: преобразование "double" в "int", возможна потеря данных
c:\unn\mp1-practice\solovev_ay\practice\practice7\header.cpp(310): warning C4101: a: неиспользованная локальная переменная
c:\unn\mp1-practice\solovev_ay\practice\practice7\header.cpp(315): warning C4101: roflan: неиспользованная локальная переменная
c:\unn\mp1-practice\solovev_ay\practice\practice7\header.cpp(315): warning C4101: konec: неиспользованная локальная переменная
c:\unn\mp1-practice\solovev_ay\practice\practice7\header.cpp(333): warning C4244: +=: преобразование "double" в "int", возможна потеря данных
c:\unn\mp1-practice\solovev_ay\practice\practice7\header.cpp(330): warning C4101: konec: неиспользованная локальная переменная
c:\unn\mp1-practice\solovev_ay\practice\practice7\header.cpp(355): warning C4244: +=: преобразование "double" в "int", возможна потеря данных
c:\unn\mp1-practice\solovev_ay\practice\practice7\header.cpp(356): warning C4244: +=: преобразование "double" в "int", возможна потеря данных
c:\unn\mp1-practice\solovev_ay\practice\practice7\header.cpp(347): warning C4101: a: неиспользованная локальная переменная
c:\unn\mp1-practice\solovev_ay\practice\practice7\header.cpp(352): warning C4101: roflan: неиспользованная локальная переменная
c:\unn\mp1-practice\solovev_ay\practice\practice7\header.cpp(352): warning C4101: konec: неиспользованная локальная переменная
  Source.cpp
c:\unn\mp1-practice\solovev_ay\practice\practice7\source.cpp(60): warning C4244: аргумент: преобразование "double" в "int", возможна потеря данных
  Создание кода...
c:\unn\mp1-practice\solovev_ay\practice\practice7\header.cpp(42): warning C4715: Vector::Skalyar: значение возвращается не при всех путях выполнения
c:\unn\mp1-practice\solovev_ay\practice\practice7\header.cpp(200): warning C4715: Vector::operator+: значение возвращается не при всех путях выполнения
  LINK : не найден или не выполнена сборка C:\unn\mp1-practice\solovev_ay\Practice\Debug\Practice7.exe при последней инкрементной компоновке; выполняется полная компоновка
  Practice7.vcxproj -> C:\unn\mp1-practice\solovev_ay\Practice\Debug\Practice7.exe
