cl : командная строка  warning D9025: переопределение "/sdl" на "/GS-"
  Source.c
C:\Users\Admin\source\repos\Project5\Project5\Source.c(11,9): warning C4244: =: преобразование "double" в "int", возможна потеря данных
C:\Users\Admin\source\repos\Project5\Project5\Source.c(12,9): warning C4244: =: преобразование "double" в "int", возможна потеря данных
C:\Users\Admin\source\repos\Project5\Project5\Source.c(13,9): warning C4244: =: преобразование "double" в "int", возможна потеря данных
C:\Users\Admin\source\repos\Project5\Project5\Source.c(14,9): warning C4244: =: преобразование "double" в "int", возможна потеря данных
C:\Users\Admin\source\repos\Project5\Project5\Source.c(15,9): warning C4244: =: преобразование "double" в "int", возможна потеря данных
C:\Users\Admin\source\repos\Project5\Project5\Source.c(16,9): warning C4244: =: преобразование "double" в "int", возможна потеря данных
C:\Users\Admin\source\repos\Project5\Project5\Source.c(17,9): warning C4244: =: преобразование "double" в "int", возможна потеря данных
C:\Users\Admin\source\repos\Project5\Project5\Source.c(27,15): warning C4244: функция: преобразование "float" в "int", возможна потеря данных
C:\Users\Admin\source\repos\Project5\Project5\Source.c(27,8): warning C4244: =: преобразование "int" в "float", возможна потеря данных
C:\Users\Admin\source\repos\Project5\Project5\Source.c(31,18): warning C4244: функция: преобразование "float" в "int", возможна потеря данных
C:\Users\Admin\source\repos\Project5\Project5\Source.c(35,18): warning C4244: функция: преобразование "float" в "int", возможна потеря данных
C:\Users\Admin\source\repos\Project5\Project5\Source.c(39,16): warning C4244: функция: преобразование "float" в "int", возможна потеря данных
C:\Users\Admin\source\repos\Project5\Project5\Source.c(39,26): warning C4244: функция: преобразование "float" в "int", возможна потеря данных
C:\Users\Admin\source\repos\Project5\Project5\Source.c(39,8): warning C4244: =: преобразование "int" в "float", возможна потеря данных
C:\Users\Admin\source\repos\Project5\Project5\Source.c(46,15): warning C4244: функция: преобразование "float" в "int", возможна потеря данных
C:\Users\Admin\source\repos\Project5\Project5\Source.c(46,8): warning C4244: =: преобразование "int" в "float", возможна потеря данных
C:\Users\Admin\source\repos\Project5\Project5\Source.c(50,18): warning C4244: функция: преобразование "float" в "int", возможна потеря данных
C:\Users\Admin\source\repos\Project5\Project5\Source.c(54,18): warning C4244: функция: преобразование "float" в "int", возможна потеря данных
C:\Users\Admin\source\repos\Project5\Project5\Source.c(58,16): warning C4244: функция: преобразование "float" в "int", возможна потеря данных
C:\Users\Admin\source\repos\Project5\Project5\Source.c(58,26): warning C4244: функция: преобразование "float" в "int", возможна потеря данных
C:\Users\Admin\source\repos\Project5\Project5\Source.c(58,8): warning C4244: =: преобразование "int" в "float", возможна потеря данных
C:\Users\Admin\source\repos\Project5\Project5\Source.c(65,13): warning C4244: =: преобразование "int" в "float", возможна потеря данных
C:\Users\Admin\source\repos\Project5\Project5\Source.c(69,17): warning C4244: функция: преобразование "float" в "int", возможна потеря данных
C:\Users\Admin\source\repos\Project5\Project5\Source.c(73,17): warning C4244: функция: преобразование "float" в "int", возможна потеря данных
C:\Users\Admin\source\repos\Project5\Project5\Source.c(77,18): warning C4244: =: преобразование "int" в "float", возможна потеря данных
C:\Users\Admin\source\repos\Project5\Project5\Source.c(81,13): warning C4244: =: преобразование "int" в "float", возможна потеря данных
C:\Users\Admin\source\repos\Project5\Project5\Source.c(85,17): warning C4244: функция: преобразование "float" в "int", возможна потеря данных
C:\Users\Admin\source\repos\Project5\Project5\Source.c(89,17): warning C4244: функция: преобразование "float" в "int", возможна потеря данных
C:\Users\Admin\source\repos\Project5\Project5\Source.c(93,18): warning C4244: =: преобразование "int" в "float", возможна потеря данных
C:\Users\Admin\source\repos\Project5\Project5\Source.c(95,7): warning C4244: =: преобразование "double" в "float", возможна потеря данных
  Project5.vcxproj -> C:\Users\Admin\source\repos\Project5\x64\Debug\Project5.exe
